Status Code: 500
Response Headers: {'Server': 'Werkzeug/3.1.3 Python/3.14.0', 'Date': 'Fri, 21 Nov 2025 13:53:41 GMT', 'Content-Type': 'application/json', 'Content-Length': '176', 'Access-Control-Allow-Origin': '*', 'Connection': 'close'}

Full Response Text:
{
  "details": "Expected a Runnable, callable or dict.Instead got an unsupported type: <class '__main__.OpenSourceChat.__init__.<locals>.DummyLLM'>",
  "error": "Chat error"
}

Traceback (most recent call last):
  File "C:\Users\shrey\.gemini\antigravity\scratch\open-source-assistant\test_chat.py", line 23, in <module>
    print(f"\n\u2717 ERROR: Got status code {response.status_code}")
    ~~~~~^^^^^^^^^^^^^^^^^^^^^^^^^^^^^^^^^^^^^^^^^^^^^^^^^^^^^^
  File "C:\Users\shrey\AppData\Local\Programs\Python\Python314\Lib\encodings\cp1252.py", line 19, in encode
    return codecs.charmap_encode(input,self.errors,encoding_table)[0]
           ~~~~~~~~~~~~~~~~~~~~~^^^^^^^^^^^^^^^^^^^^^^^^^^^^^^^^^^
UnicodeEncodeError: 'charmap' codec can't encode character '\u2717' in position 2: character maps to <undefined>

During handling of the above exception, another exception occurred:

Traceback (most recent call last):
  File "C:\Users\shrey\.gemini\antigravity\scratch\open-source-assistant\test_chat.py", line 33, in <module>
    print(f"\u2717 ERROR: {type(e).__name__}: {e}")
    ~~~~~^^^^^^^^^^^^^^^^^^^^^^^^^^^^^^^^^^^^^
  File "C:\Users\shrey\AppData\Local\Programs\Python\Python314\Lib\encodings\cp1252.py", line 19, in encode
    return codecs.charmap_encode(input,self.errors,encoding_table)[0]
           ~~~~~~~~~~~~~~~~~~~~~^^^^^^^^^^^^^^^^^^^^^^^^^^^^^^^^^^
UnicodeEncodeError: 'charmap' codec can't encode character '\u2717' in position 0: character maps to <undefined>
